[ledger live snapshot] Error [ActiveOrderSnapshotUnavailableError]: The active-order scan was incomplete; the previous snapshot was preserved.
    at <unknown> (C:\Users\JoJo\job work\omsons\frontend\.next\server\chunks\[root-of-the-server]__32dfd776._.js:1:13838)
    at async u (C:\Users\JoJo\job work\omsons\frontend\.next\server\chunks\[root-of-the-server]__32dfd776._.js:1:14096)
    at async Object.load (C:\Users\JoJo\job work\omsons\frontend\.next\server\chunks\[root-of-the-server]__32dfd776._.js:1:14465)
    at async O (C:\Users\JoJo\job work\omsons\frontend\.next\server\chunks\[root-of-the-server]__32dfd776._.js:1:16156)
    at async y (C:\Users\JoJo\job work\omsons\frontend\.next\server\chunks\src_lib_f30576df._.js:1:7307)
    at async (C:\Users\JoJo\job work\omsons\frontend\.next\server\chunks\src_lib_f30576df._.js:1:8077)
[GET /api/ledger/[dealerId]/transactions] Error [ActiveOrderSnapshotUnavailableError]: The active-order scan was incomplete; the previous snapshot was preserved.
    at <unknown> (C:\Users\JoJo\job work\omsons\frontend\.next\server\chunks\[root-of-the-server]__32dfd776._.js:1:13838)
    at async u (C:\Users\JoJo\job work\omsons\frontend\.next\server\chunks\[root-of-the-server]__32dfd776._.js:1:14096)
    at async Object.load (C:\Users\JoJo\job work\omsons\frontend\.next\server\chunks\[root-of-the-server]__32dfd776._.js:1:14465)
    at async O (C:\Users\JoJo\job work\omsons\frontend\.next\server\chunks\[root-of-the-server]__32dfd776._.js:1:16156)
    at async y (C:\Users\JoJo\job work\omsons\frontend\.next\server\chunks\src_lib_f30576df._.js:1:7307)
    at async (C:\Users\JoJo\job work\omsons\frontend\.next\server\chunks\src_lib_f30576df._.js:1:8077)
[ledger live snapshot] Error [ActiveOrderSnapshotUnavailableError]: The active-order scan was incomplete; the previous snapshot was preserved.
    at <unknown> (C:\Users\JoJo\job work\omsons\frontend\.next\server\chunks\[root-of-the-server]__32dfd776._.js:1:13838)
    at async u (C:\Users\JoJo\job work\omsons\frontend\.next\server\chunks\[root-of-the-server]__32dfd776._.js:1:14096)
    at async Object.load (C:\Users\JoJo\job work\omsons\frontend\.next\server\chunks\[root-of-the-server]__32dfd776._.js:1:14465)
    at async O (C:\Users\JoJo\job work\omsons\frontend\.next\server\chunks\[root-of-the-server]__32dfd776._.js:1:16156)
    at async y (C:\Users\JoJo\job work\omsons\frontend\.next\server\chunks\src_lib_f30576df._.js:1:7307)
    at async (C:\Users\JoJo\job work\omsons\frontend\.next\server\chunks\src_lib_f30576df._.js:1:8077)
[GET /api/ledger/[dealerId]/transactions] Error [ActiveOrderSnapshotUnavailableError]: The active-order scan was incomplete; the previous snapshot was preserved.
    at <unknown> (C:\Users\JoJo\job work\omsons\frontend\.next\server\chunks\[root-of-the-server]__32dfd776._.js:1:13838)
    at async u (C:\Users\JoJo\job work\omsons\frontend\.next\server\chunks\[root-of-the-server]__32dfd776._.js:1:14096)
    at async Object.load (C:\Users\JoJo\job work\omsons\frontend\.next\server\chunks\[root-of-the-server]__32dfd776._.js:1:14465)
    at async O (C:\Users\JoJo\job work\omsons\frontend\.next\server\chunks\[root-of-the-server]__32dfd776._.js:1:16156)
    at async y (C:\Users\JoJo\job work\omsons\frontend\.next\server\chunks\src_lib_f30576df._.js:1:7307)
    at async (C:\Users\JoJo\job work\omsons\frontend\.next\server\chunks\src_lib_f30576df._.js:1:8077)
[ledger live snapshot] Error [ActiveOrderSnapshotUnavailableError]: The active-order scan was incomplete; the previous snapshot was preserved.
    at <unknown> (C:\Users\JoJo\job work\omsons\frontend\.next\server\chunks\[root-of-the-server]__32dfd776._.js:1:13838)
    at async u (C:\Users\JoJo\job work\omsons\frontend\.next\server\chunks\[root-of-the-server]__32dfd776._.js:1:14096)
    at async Object.load (C:\Users\JoJo\job work\omsons\frontend\.next\server\chunks\[root-of-the-server]__32dfd776._.js:1:14465)
    at async O (C:\Users\JoJo\job work\omsons\frontend\.next\server\chunks\[root-of-the-server]__32dfd776._.js:1:16156)
    at async y (C:\Users\JoJo\job work\omsons\frontend\.next\server\chunks\src_lib_f30576df._.js:1:7307)
    at async (C:\Users\JoJo\job work\omsons\frontend\.next\server\chunks\src_lib_f30576df._.js:1:8077)
    at async w (C:\Users\JoJo\job work\omsons\frontend\.next\server\chunks\src_lib_f30576df._.js:1:8234)
    at async w (C:\Users\JoJo\job work\omsons\frontend\.next\server\chunks\[root-of-the-server]__56d18082._.js:1:1226)
[ledger live snapshot] Error [ActiveOrderSnapshotUnavailableError]: The active-order scan was incomplete; the previous snapshot was preserved.
    at <unknown> (C:\Users\JoJo\job work\omsons\frontend\.next\server\chunks\[root-of-the-server]__32dfd776._.js:1:13838)
    at async u (C:\Users\JoJo\job work\omsons\frontend\.next\server\chunks\[root-of-the-server]__32dfd776._.js:1:14096)
    at async Object.load (C:\Users\JoJo\job work\omsons\frontend\.next\server\chunks\[root-of-the-server]__32dfd776._.js:1:14465)
    at async O (C:\Users\JoJo\job work\omsons\frontend\.next\server\chunks\[root-of-the-server]__32dfd776._.js:1:16156)
    at async y (C:\Users\JoJo\job work\omsons\frontend\.next\server\chunks\src_lib_f30576df._.js:1:7307)
    at async (C:\Users\JoJo\job work\omsons\frontend\.next\server\chunks\src_lib_f30576df._.js:1:8077)
[GET /api/ledger/[dealerId]/transactions] Error [ActiveOrderSnapshotUnavailableError]: The active-order scan was incomplete; the previous snapshot was preserved.
    at <unknown> (C:\Users\JoJo\job work\omsons\frontend\.next\server\chunks\[root-of-the-server]__32dfd776._.js:1:13838)
    at async u (C:\Users\JoJo\job work\omsons\frontend\.next\server\chunks\[root-of-the-server]__32dfd776._.js:1:14096)
    at async Object.load (C:\Users\JoJo\job work\omsons\frontend\.next\server\chunks\[root-of-the-server]__32dfd776._.js:1:14465)
    at async O (C:\Users\JoJo\job work\omsons\frontend\.next\server\chunks\[root-of-the-server]__32dfd776._.js:1:16156)
    at async y (C:\Users\JoJo\job work\omsons\frontend\.next\server\chunks\src_lib_f30576df._.js:1:7307)
    at async (C:\Users\JoJo\job work\omsons\frontend\.next\server\chunks\src_lib_f30576df._.js:1:8077)
